2022-12-27 20:41:16 0 [Note] InnoDB: Mutexes and rw_locks use Windows interlocked functions
2022-12-27 20:41:16 0 [Note] InnoDB: Uses event mutexes
2022-12-27 20:41:16 0 [Note] InnoDB: Compressed tables use zlib 1.2.12
2022-12-27 20:41:16 0 [Note] InnoDB: Number of pools: 1
2022-12-27 20:41:16 0 [Note] InnoDB: Using SSE2 crc32 instructions
2022-12-27 20:41:16 0 [Note] InnoDB: Initializing buffer pool, total size = 16M, instances = 1, chunk size = 16M
2022-12-27 20:41:16 0 [Note] InnoDB: Completed initialization of buffer pool
2022-12-27 20:41:16 0 [Note] InnoDB: Starting crash recovery from checkpoint LSN=300288
2022-12-27 20:41:17 0 [Note] InnoDB: 128 out of 128 rollback segments are active.
2022-12-27 20:41:17 0 [Note] InnoDB: Removed temporary tablespace data file: "ibtmp1"
2022-12-27 20:41:17 0 [Note] InnoDB: Creating shared tablespace for temporary tables
2022-12-27 20:41:17 0 [Note] InnoDB: Setting file 'C:\xampp\mysql\data\ibtmp1' size to 12 MB. Physically writing the file full; Please wait ...
2022-12-27 20:41:17 0 [Note] InnoDB: File 'C:\xampp\mysql\data\ibtmp1' size is now 12 MB.
2022-12-27 20:41:17 0 [Note] InnoDB: Waiting for purge to start
2022-12-27 20:41:17 0 [Note] InnoDB: 10.4.27 started; log sequence number 300297; transaction id 170
2022-12-27 20:41:17 0 [Note] Plugin 'FEEDBACK' is disabled.
2022-12-27 20:41:17 0 [Note] InnoDB: Loading buffer pool(s) from C:\xampp\mysql\data\ib_buffer_pool
2022-12-27 20:41:17 0 [Note] Server socket created on IP: '::'.
2022-12-27 20:41:17 0 [ERROR] Can't start server: Bind on TCP/IP port. Got error: 10048: Only one usage of each socket address (protocol/network address/port) is normally permitted.

2022-12-27 20:41:17 0 [ERROR] Do you already have another mysqld server running on port: 3306 ?
2022-12-27 20:41:17 0 [ERROR] Aborting
2022-12-27 20:41:57 0 [Note] InnoDB: Mutexes and rw_locks use Windows interlocked functions
2022-12-27 20:41:57 0 [Note] InnoDB: Uses event mutexes
2022-12-27 20:41:57 0 [Note] InnoDB: Compressed tables use zlib 1.2.12
2022-12-27 20:41:57 0 [Note] InnoDB: Number of pools: 1
2022-12-27 20:41:57 0 [Note] InnoDB: Using SSE2 crc32 instructions
2022-12-27 20:41:57 0 [Note] InnoDB: Initializing buffer pool, total size = 16M, instances = 1, chunk size = 16M
2022-12-27 20:41:57 0 [Note] InnoDB: Completed initialization of buffer pool
2022-12-27 20:41:57 0 [Note] InnoDB: 128 out of 128 rollback segments are active.
2022-12-27 20:41:57 0 [Note] InnoDB: Creating shared tablespace for temporary tables
2022-12-27 20:41:57 0 [Note] InnoDB: Setting file 'C:\xampp\mysql\data\ibtmp1' size to 12 MB. Physically writing the file full; Please wait ...
2022-12-27 20:41:57 0 [Note] InnoDB: File 'C:\xampp\mysql\data\ibtmp1' size is now 12 MB.
2022-12-27 20:41:57 0 [Note] InnoDB: 10.4.27 started; log sequence number 300306; transaction id 170
2022-12-27 20:41:57 0 [Note] InnoDB: Loading buffer pool(s) from C:\xampp\mysql\data\ib_buffer_pool
2022-12-27 20:41:57 0 [Note] Plugin 'FEEDBACK' is disabled.
2022-12-27 20:41:57 0 [Note] Server socket created on IP: '::'.
2022-12-27 20:41:57 0 [ERROR] Can't start server: Bind on TCP/IP port. Got error: 10048: Only one usage of each socket address (protocol/network address/port) is normally permitted.

2022-12-27 20:41:57 0 [ERROR] Do you already have another mysqld server running on port: 3306 ?
2022-12-27 20:41:57 0 [ERROR] Aborting
2022-12-27 20:42:28 0 [Note] InnoDB: Mutexes and rw_locks use Windows interlocked functions
2022-12-27 20:42:28 0 [Note] InnoDB: Uses event mutexes
2022-12-27 20:42:28 0 [Note] InnoDB: Compressed tables use zlib 1.2.12
2022-12-27 20:42:28 0 [Note] InnoDB: Number of pools: 1
2022-12-27 20:42:28 0 [Note] InnoDB: Using SSE2 crc32 instructions
2022-12-27 20:42:28 0 [Note] InnoDB: Initializing buffer pool, total size = 16M, instances = 1, chunk size = 16M
2022-12-27 20:42:28 0 [Note] InnoDB: Completed initialization of buffer pool
2022-12-27 20:42:28 0 [Note] InnoDB: 128 out of 128 rollback segments are active.
2022-12-27 20:42:28 0 [Note] InnoDB: Creating shared tablespace for temporary tables
2022-12-27 20:42:28 0 [Note] InnoDB: Setting file 'C:\xampp\mysql\data\ibtmp1' size to 12 MB. Physically writing the file full; Please wait ...
2022-12-27 20:42:28 0 [Note] InnoDB: File 'C:\xampp\mysql\data\ibtmp1' size is now 12 MB.
2022-12-27 20:42:28 0 [Note] InnoDB: Waiting for purge to start
2022-12-27 20:42:28 0 [Note] InnoDB: 10.4.27 started; log sequence number 300315; transaction id 170
2022-12-27 20:42:28 0 [Note] InnoDB: Loading buffer pool(s) from C:\xampp\mysql\data\ib_buffer_pool
2022-12-27 20:42:28 0 [Note] Plugin 'FEEDBACK' is disabled.
2022-12-27 20:42:28 0 [Note] Server socket created on IP: '::'.
2022-12-28 19:42:26 0 [Note] InnoDB: Mutexes and rw_locks use Windows interlocked functions
2022-12-28 19:42:26 0 [Note] InnoDB: Uses event mutexes
2022-12-28 19:42:26 0 [Note] InnoDB: Compressed tables use zlib 1.2.12
2022-12-28 19:42:26 0 [Note] InnoDB: Number of pools: 1
2022-12-28 19:42:26 0 [Note] InnoDB: Using SSE2 crc32 instructions
2022-12-28 19:42:26 0 [Note] InnoDB: Initializing buffer pool, total size = 16M, instances = 1, chunk size = 16M
2022-12-28 19:42:26 0 [Note] InnoDB: Completed initialization of buffer pool
2022-12-28 19:42:26 0 [Note] InnoDB: Starting crash recovery from checkpoint LSN=310140
2022-12-28 19:42:26 0 [Note] InnoDB: 128 out of 128 rollback segments are active.
2022-12-28 19:42:26 0 [Note] InnoDB: Removed temporary tablespace data file: "ibtmp1"
2022-12-28 19:42:26 0 [Note] InnoDB: Creating shared tablespace for temporary tables
2022-12-28 19:42:26 0 [Note] InnoDB: Setting file 'C:\xampp\mysql\data\ibtmp1' size to 12 MB. Physically writing the file full; Please wait ...
2022-12-28 19:42:26 0 [Note] InnoDB: File 'C:\xampp\mysql\data\ibtmp1' size is now 12 MB.
2022-12-28 19:42:26 0 [Note] InnoDB: Waiting for purge to start
2022-12-28 19:42:26 0 [Note] InnoDB: 10.4.27 started; log sequence number 310149; transaction id 202
2022-12-28 19:42:26 0 [Note] InnoDB: Loading buffer pool(s) from C:\xampp\mysql\data\ib_buffer_pool
2022-12-28 19:42:26 0 [Note] Plugin 'FEEDBACK' is disabled.
2022-12-28 19:42:26 0 [Note] Server socket created on IP: '::'.
2022-12-30 16:08:05 0 [Note] InnoDB: Mutexes and rw_locks use Windows interlocked functions
2022-12-30 16:08:05 0 [Note] InnoDB: Uses event mutexes
2022-12-30 16:08:05 0 [Note] InnoDB: Compressed tables use zlib 1.2.12
2022-12-30 16:08:05 0 [Note] InnoDB: Number of pools: 1
2022-12-30 16:08:05 0 [Note] InnoDB: Using SSE2 crc32 instructions
2022-12-30 16:08:05 0 [Note] InnoDB: Initializing buffer pool, total size = 16M, instances = 1, chunk size = 16M
2022-12-30 16:08:05 0 [Note] InnoDB: Completed initialization of buffer pool
2022-12-30 16:08:05 0 [Note] InnoDB: Starting crash recovery from checkpoint LSN=317669
2022-12-30 16:08:05 0 [Note] InnoDB: 128 out of 128 rollback segments are active.
2022-12-30 16:08:05 0 [Note] InnoDB: Removed temporary tablespace data file: "ibtmp1"
2022-12-30 16:08:05 0 [Note] InnoDB: Creating shared tablespace for temporary tables
2022-12-30 16:08:05 0 [Note] InnoDB: Setting file 'C:\xampp\mysql\data\ibtmp1' size to 12 MB. Physically writing the file full; Please wait ...
2022-12-30 16:08:05 0 [Note] InnoDB: File 'C:\xampp\mysql\data\ibtmp1' size is now 12 MB.
2022-12-30 16:08:05 0 [Note] InnoDB: Waiting for purge to start
2022-12-30 16:08:05 0 [Note] InnoDB: 10.4.27 started; log sequence number 317678; transaction id 228
2022-12-30 16:08:05 0 [Note] InnoDB: Loading buffer pool(s) from C:\xampp\mysql\data\ib_buffer_pool
2022-12-30 16:08:05 0 [Note] Plugin 'FEEDBACK' is disabled.
2022-12-30 16:08:05 0 [Note] Server socket created on IP: '::'.
2023-01-18 22:33:25 0 [Note] InnoDB: Mutexes and rw_locks use Windows interlocked functions
2023-01-18 22:33:25 0 [Note] InnoDB: Uses event mutexes
2023-01-18 22:33:25 0 [Note] InnoDB: Compressed tables use zlib 1.2.12
2023-01-18 22:33:25 0 [Note] InnoDB: Number of pools: 1
2023-01-18 22:33:25 0 [Note] InnoDB: Using SSE2 crc32 instructions
2023-01-18 22:33:25 0 [Note] InnoDB: Initializing buffer pool, total size = 16M, instances = 1, chunk size = 16M
2023-01-18 22:33:25 0 [Note] InnoDB: Completed initialization of buffer pool
2023-01-18 22:33:25 0 [Note] InnoDB: Starting crash recovery from checkpoint LSN=333054
2023-01-18 22:33:26 0 [Note] InnoDB: 128 out of 128 rollback segments are active.
2023-01-18 22:33:26 0 [Note] InnoDB: Removed temporary tablespace data file: "ibtmp1"
2023-01-18 22:33:26 0 [Note] InnoDB: Creating shared tablespace for temporary tables
2023-01-18 22:33:26 0 [Note] InnoDB: Setting file 'C:\xampp\mysql\data\ibtmp1' size to 12 MB. Physically writing the file full; Please wait ...
2023-01-18 22:33:26 0 [Note] InnoDB: File 'C:\xampp\mysql\data\ibtmp1' size is now 12 MB.
2023-01-18 22:33:26 0 [Note] InnoDB: Waiting for purge to start
2023-01-18 22:33:26 0 [Note] InnoDB: 10.4.27 started; log sequence number 333063; transaction id 272
2023-01-18 22:33:26 0 [Note] InnoDB: Loading buffer pool(s) from C:\xampp\mysql\data\ib_buffer_pool
2023-01-18 22:33:26 0 [Note] Plugin 'FEEDBACK' is disabled.
2023-01-18 22:33:26 0 [Note] Server socket created on IP: '::'.
2023-01-19 23:48:19 0 [Note] InnoDB: Mutexes and rw_locks use Windows interlocked functions
2023-01-19 23:48:19 0 [Note] InnoDB: Uses event mutexes
2023-01-19 23:48:19 0 [Note] InnoDB: Compressed tables use zlib 1.2.12
2023-01-19 23:48:19 0 [Note] InnoDB: Number of pools: 1
2023-01-19 23:48:19 0 [Note] InnoDB: Using SSE2 crc32 instructions
2023-01-19 23:48:19 0 [Note] InnoDB: Initializing buffer pool, total size = 16M, instances = 1, chunk size = 16M
2023-01-19 23:48:19 0 [Note] InnoDB: Completed initialization of buffer pool
2023-01-19 23:48:19 0 [Note] InnoDB: Starting crash recovery from checkpoint LSN=357519
2023-01-19 23:48:19 0 [Note] InnoDB: 128 out of 128 rollback segments are active.
2023-01-19 23:48:19 0 [Note] InnoDB: Removed temporary tablespace data file: "ibtmp1"
2023-01-19 23:48:19 0 [Note] InnoDB: Creating shared tablespace for temporary tables
2023-01-19 23:48:19 0 [Note] InnoDB: Setting file 'C:\xampp\mysql\data\ibtmp1' size to 12 MB. Physically writing the file full; Please wait ...
2023-01-19 23:48:20 0 [Note] InnoDB: File 'C:\xampp\mysql\data\ibtmp1' size is now 12 MB.
2023-01-19 23:48:20 0 [Note] InnoDB: Waiting for purge to start
2023-01-19 23:48:20 0 [Note] InnoDB: 10.4.27 started; log sequence number 357528; transaction id 322
2023-01-19 23:48:20 0 [Note] InnoDB: Loading buffer pool(s) from C:\xampp\mysql\data\ib_buffer_pool
2023-01-19 23:48:20 0 [Note] Plugin 'FEEDBACK' is disabled.
2023-01-19 23:48:20 0 [Note] Server socket created on IP: '::'.
